<?xml version="1.0" encoding="UTF-8"?>
<coverage generated="1773920579897" clover="3.2.0">
  <project timestamp="1773920579897" name="All files">
    <metrics statements="14" coveredstatements="14" conditionals="14" coveredconditionals="8" methods="2" coveredmethods="2" elements="30" coveredelements="24" complexity="0" loc="14" ncloc="14" packages="1" files="1" classes="1"/>
    <file name="generator.js" path="C:\Users\baksh\Documents\GitHub\apicontract\src\generator.js">
      <metrics statements="14" coveredstatements="14" conditionals="14" coveredconditionals="8" methods="2" coveredmethods="2"/>
      <line num="1" count="1" type="stmt"/>
      <line num="2" count="1" type="stmt"/>
      <line num="3" count="1" type="stmt"/>
      <line num="6" count="1" type="stmt"/>
      <line num="7" count="1" type="stmt"/>
      <line num="8" count="1" type="cond" truecount="2" falsecount="2"/>
      <line num="12" count="3" type="stmt"/>
      <line num="13" count="3" type="cond" truecount="1" falsecount="1"/>
      <line num="15" count="3" type="stmt"/>
      <line num="16" count="39" type="stmt"/>
      <line num="17" count="57" type="cond" truecount="1" falsecount="1"/>
      <line num="18" count="57" type="stmt"/>
      <line num="28" count="3" type="stmt"/>
      <line num="31" count="1" type="stmt"/>
    </file>
  </project>
</coverage>
